NC_055957.1	34773	17348	NC_055957.1	XM_042105560.1	100.000	9394	0	0	43899256	43908649	10612	1219	0.0
NC_055957.1	34773	13629	NC_055957.1	XM_042108619.1	100.000	7380	0	0	51744669	51752048	441	7820	0.0
NC_055957.1	34773	13629	NC_055957.1	XM_042108618.1	100.000	7380	0	0	51744669	51752048	1011	8390	0.0
NC_055957.1	34773	12920	NC_055957.1	XM_042087160.1	100.000	6996	0	0	3494259	3501254	2660	9655	0.0
NC_055957.1	34773	12920	NC_055957.1	XR_006030906.1	100.000	6996	0	0	3494259	3501254	2982	9977	0.0
NC_055957.1	34773	12920	NC_055957.1	XM_042087143.1	100.000	6996	0	0	3494259	3501254	2955	9950	0.0
NC_055957.1	34773	12883	NC_055957.1	XM_042108000.1	100.000	6976	0	0	33048414	33055389	6976	1	0.0
NC_055957.1	34773	12883	NC_055957.1	XM_042107993.1	100.000	6976	0	0	33048414	33055389	6976	1	0.0
NC_055957.1	34773	12161	NC_055957.1	XM_042091879.1	100.000	6585	0	0	16503094	16509678	1719	8303	0.0
NC_055957.1	34773	12161	NC_055957.1	XM_042091871.1	100.000	6585	0	0	16503094	16509678	1715	8299	0.0
NC_055958.1	34773	32299	NC_055958.1	XM_042084454.1	100.000	17490	0	0	5894971	5912460	59050	41561	0.0
NC_055958.1	34773	32299	NC_055958.1	XM_042084453.1	100.000	17490	0	0	5894971	5912460	62236	44747	0.0
NC_055958.1	34773	32299	NC_055958.1	XM_042084452.1	100.000	17490	0	0	5894971	5912460	62299	44810	0.0
NC_055958.1	34773	32299	NC_055958.1	XM_042084451.1	100.000	17490	0	0	5894971	5912460	62314	44825	0.0
NC_055958.1	34773	32299	NC_055958.1	XM_042084450.1	100.000	17490	0	0	5894971	5912460	62776	45287	0.0
NC_055958.1	34773	32299	NC_055958.1	XM_042084449.1	100.000	17490	0	0	5894971	5912460	62671	45182	0.0
NC_055958.1	34773	32299	NC_055958.1	XM_042084448.1	100.000	17490	0	0	5894971	5912460	62776	45287	0.0
NC_055958.1	34773	31573	NC_055958.1	XM_042084447.1	100.000	17097	0	0	6120035	6137131	66581	49485	0.0
NC_055958.1	7950	22478	NC_055958.1	XM_031586214.1	90.404	17112	1614	21	6120040	6137131	64100	46997	0.0
NC_055958.1	7950	22478	NC_055958.1	XM_031586205.1	90.404	17112	1614	21	6120040	6137131	66080	48977	0.0
NC_055959.1	34773	15789	NC_055959.1	XM_042085622.1	100.000	8550	0	0	17560413	17568962	9572	1023	0.0
NC_055959.1	34773	15789	NC_055959.1	XM_042085621.1	100.000	8550	0	0	17560413	17568962	9890	1341	0.0
NC_055959.1	34773	15727	NC_055959.1	XM_042086285.1	100.000	8516	0	0	20753331	20761846	499	9014	0.0
NC_055959.1	34773	15727	NC_055959.1	XM_042086284.1	100.000	8516	0	0	20753331	20761846	499	9014	0.0
NC_055959.1	34773	15727	NC_055959.1	XM_042086283.1	100.000	8516	0	0	20753331	20761846	499	9014	0.0
NC_055959.1	34773	15413	NC_055959.1	XM_042086950.1	100.000	8346	0	0	40350556	40358901	516	8861	0.0
NC_055959.1	34773	14619	NC_055959.1	XM_042085736.1	100.000	7916	0	0	13105206	13113121	2216	10131	0.0
NC_055959.1	34773	13616	NC_055959.1	XM_042087086.1	100.000	7373	0	0	35895823	35903195	8421	1049	0.0
NC_055959.1	34773	12277	NC_055959.1	XM_042085286.1	100.000	6648	0	0	5343250	5349897	1575	8222	0.0
NC_055959.1	34773	12150	NC_055959.1	XM_042084943.1	100.000	6579	0	0	15952312	15958890	1675	8253	0.0
NC_055960.1	34773	22303	NC_055960.1	XM_042090276.1	100.000	12077	0	0	33712766	33724842	3152	15228	0.0
NC_055960.1	34773	19418	NC_055960.1	XM_042089034.1	99.736	10599	28	0	22374075	22384673	7936	18534	0.0
NC_055960.1	34773	13535	NC_055960.1	XM_042089215.1	100.000	7329	0	0	22355738	22363066	161	7489	0.0
NC_055960.1	34773	13476	NC_055960.1	XM_042088415.1	100.000	7297	0	0	30969556	30976852	2149	9445	0.0
NC_055960.1	34773	13476	NC_055960.1	XM_042088414.1	100.000	7297	0	0	30969556	30976852	2149	9445	0.0
NC_055960.1	34773	13476	NC_055960.1	XM_042088413.1	100.000	7297	0	0	30969556	30976852	2151	9447	0.0
NC_055960.1	34773	13051	NC_055960.1	XM_042090749.1	100.000	7067	0	0	28132031	28139097	3798	10864	0.0
NC_055960.1	34773	13051	NC_055960.1	XM_042090748.1	100.000	7067	0	0	28132031	28139097	3613	10679	0.0
NC_055960.1	34773	13051	NC_055960.1	XM_042090747.1	100.000	7067	0	0	28132031	28139097	3640	10706	0.0
NC_055960.1	34773	12292	NC_055960.1	XM_042088912.1	100.000	6656	0	0	23553896	23560551	7018	363	0.0
NC_055961.1	34773	25939	NC_055961.1	XM_042091504.1	100.000	14046	0	0	9902071	9916116	16739	2694	0.0
NC_055961.1	34773	18463	NC_055961.1	XM_042091469.1	100.000	9998	0	0	23393701	23403698	10957	960	0.0
NC_055961.1	34773	18463	NC_055961.1	XM_042091468.1	100.000	9998	0	0	23393701	23403698	11081	1084	0.0
NC_055961.1	34773	14986	NC_055961.1	XM_042092724.1	100.000	8115	0	0	12947119	12955233	1	8115	0.0
NC_055961.1	34773	13599	NC_055961.1	XM_042093185.1	100.000	7364	0	0	14058719	14066082	3668	11031	0.0
NC_055961.1	34773	13599	NC_055961.1	XM_042093183.1	100.000	7364	0	0	14058719	14066082	3749	11112	0.0
NC_055961.1	34773	13599	NC_055961.1	XM_042093182.1	100.000	7364	0	0	14058719	14066082	3755	11118	0.0
NC_055961.1	34773	13599	NC_055961.1	XM_042093181.1	100.000	7364	0	0	14058719	14066082	3824	11187	0.0
NC_055961.1	34773	13599	NC_055961.1	XM_042093180.1	100.000	7364	0	0	14058719	14066082	3827	11190	0.0
NC_055961.1	34773	13599	NC_055961.1	XM_042093179.1	100.000	7364	0	0	14058719	14066082	3833	11196	0.0
NC_055962.1	34773	15237	NC_055962.1	XM_042095283.1	100.000	8251	0	0	35421252	35429502	1354	9604	0.0
NC_055962.1	34773	14332	NC_055962.1	XM_042096316.1	100.000	7761	0	0	1762676	1770436	8702	942	0.0
NC_055962.1	34773	14332	NC_055962.1	XM_042096315.1	100.000	7761	0	0	1762676	1770436	9035	1275	0.0
NC_055962.1	34773	13708	NC_055962.1	XM_042094510.1	100.000	7423	0	0	11732199	11739621	1580	9002	0.0
NC_055962.1	34773	13134	NC_055962.1	XM_042094511.1	100.000	7112	0	0	11732510	11739621	1628	8739	0.0
NC_055962.1	34773	13128	NC_055962.1	XM_042094513.1	100.000	7109	0	0	11732513	11739621	1580	8688	0.0
NC_055962.1	34773	12803	NC_055962.1	XM_042095874.1	100.000	6933	0	0	12714483	12721415	6933	1	0.0
NC_055962.1	34773	12669	NC_055962.1	XM_042094442.1	100.000	6860	0	0	5512830	5519689	10289	3430	0.0
NC_055962.1	34773	11934	NC_055962.1	XM_042094315.1	100.000	6462	0	0	23618328	23624789	6623	162	0.0
NC_055962.1	34773	11934	NC_055962.1	XM_042094314.1	100.000	6462	0	0	23618328	23624789	6527	66	0.0
NW_024582116.1	28829	2525	NW_024582116.1	OW185649.1	81.317	3372	400	110	14537	17848	7781059	7777858	0.0
NW_024582116.1	28829	2324	NW_024582116.1	OW185633.1	84.824	2392	274	52	14886	17256	33665256	33662933	0.0
NW_024582116.1	8049	2100	NW_024582116.1	LR633949.1	82.247	2546	346	68	3821	6341	751682	754146	0.0
NW_024582116.1	8049	2067	NW_024582116.1	LR633959.1	81.989	2554	351	69	3821	6341	20603922	20606399	0.0
NW_024582116.1	8049	1881	NW_024582116.1	LR633945.1	82.866	2177	294	51	4187	6344	3377740	3379856	0.0
NW_024582116.1	34773	1430	NW_024582116.1	XM_042091875.1	100.000	774	0	0	15294	16067	2453	1680	0.0
NW_024582116.1	34773	1430	NW_024582116.1	XM_042091874.1	100.000	774	0	0	15294	16067	2459	1686	0.0
NW_024582116.1	34773	1430	NW_024582116.1	XM_042091873.1	100.000	774	0	0	15294	16067	2459	1686	0.0
NW_024582116.1	34773	1430	NW_024582116.1	XM_042091872.1	100.000	774	0	0	15294	16067	2459	1686	0.0
NW_024582116.1	34773	1430	NW_024582116.1	XM_042091864.1	100.000	774	0	0	15294	16067	2459	1686	0.0
NC_055963.1	34773	14477	NC_055963.1	XM_042096942.1	100.000	7839	0	0	27828772	27836610	10111	2273	0.0
NC_055963.1	34773	12848	NC_055963.1	XM_042107362.1	99.772	7006	15	1	35753377	35760381	138	7143	0.0
NC_055963.1	34773	12715	NC_055963.1	XM_042098703.1	100.000	6885	0	0	20274276	20281160	756	7640	0.0
NC_055963.1	34773	12715	NC_055963.1	XM_042098702.1	100.000	6885	0	0	20274276	20281160	1167	8051	0.0
NC_055963.1	34773	12715	NC_055963.1	XM_042098701.1	100.000	6885	0	0	20274276	20281160	922	7806	0.0
NC_055963.1	34773	12715	NC_055963.1	XM_042098700.1	100.000	6885	0	0	20274276	20281160	842	7726	0.0
NC_055963.1	34773	12392	NC_055963.1	XM_042099267.1	100.000	6710	0	0	17717226	17723935	2728	9437	0.0
NC_055963.1	34773	12392	NC_055963.1	XM_042099266.1	100.000	6710	0	0	17717226	17723935	2728	9437	0.0
NC_055963.1	34773	12257	NC_055963.1	XM_042097526.1	100.000	6637	0	0	34116826	34123462	1706	8342	0.0
NC_055963.1	34773	12257	NC_055963.1	XM_042097524.1	100.000	6637	0	0	34116826	34123462	1813	8449	0.0
NC_055964.1	34773	14785	NC_055964.1	XM_042102103.1	99.975	8012	2	0	10577709	10585720	65	8076	0.0
NC_055964.1	34773	14783	NC_055964.1	XM_042102105.1	100.000	8005	0	0	10577716	10585720	96	8100	0.0
NC_055964.1	34773	14776	NC_055964.1	XM_042102104.1	100.000	8001	0	0	10577720	10585720	104	8104	0.0
NC_055964.1	34773	12990	NC_055964.1	XR_006030872.1	99.497	7152	16	2	749644	756795	7612	481	0.0
NC_055964.1	34773	11893	NC_055964.1	XM_042086873.1	99.815	6476	12	0	27937352	27943827	299	6774	0.0
NC_055964.1	34773	11889	NC_055964.1	XM_042086876.1	99.815	6474	12	0	27937354	27943827	123	6596	0.0
NC_055964.1	34773	11889	NC_055964.1	XM_042086875.1	99.815	6474	12	0	27937354	27943827	134	6607	0.0
NC_055964.1	34773	11326	NC_055964.1	XM_042100133.1	100.000	6133	0	0	16296846	16302978	10506	4374	0.0
NC_055964.1	34773	11326	NC_055964.1	XM_042100132.1	100.000	6133	0	0	16296846	16302978	10512	4380	0.0
NC_055964.1	34773	11326	NC_055964.1	XM_042100131.1	100.000	6133	0	0	16296846	16302978	10560	4428	0.0
NC_055965.1	34773	15804	NC_055965.1	XM_042102658.1	100.000	8558	0	0	12623469	12632026	1342	9899	0.0
NC_055965.1	34773	15804	NC_055965.1	XM_042102657.1	100.000	8558	0	0	12623469	12632026	1358	9915	0.0
NC_055965.1	34773	15804	NC_055965.1	XM_042102656.1	100.000	8558	0	0	12623469	12632026	1164	9721	0.0
NC_055965.1	34773	15804	NC_055965.1	XM_042102655.1	100.000	8558	0	0	12623469	12632026	1377	9934	0.0
NC_055965.1	34773	15804	NC_055965.1	XM_042102654.1	100.000	8558	0	0	12623469	12632026	1393	9950	0.0
NC_055965.1	34773	15804	NC_055965.1	XM_042102653.1	100.000	8558	0	0	12623469	12632026	1425	9982	0.0
NC_055965.1	34773	15804	NC_055965.1	XM_042102652.1	100.000	8558	0	0	12623469	12632026	1441	9998	0.0
NC_055965.1	34773	14680	NC_055965.1	XM_042102975.1	99.975	7956	1	1	3886075	3894029	6116	14071	0.0
NC_055965.1	34773	12999	NC_055965.1	XM_042103000.1	100.000	7039	0	0	8371019	8378057	2160	9198	0.0
NC_055965.1	34773	12999	NC_055965.1	XM_042102999.1	100.000	7039	0	0	8371019	8378057	2162	9200	0.0
NC_055966.1	34773	16591	NC_055966.1	XM_042108295.1	100.000	8984	0	0	8377779	8386762	501	9484	0.0
NC_055966.1	34773	15930	NC_055966.1	XM_042106069.1	100.000	8626	0	0	30834907	30843532	9044	419	0.0
NC_055966.1	34773	15930	NC_055966.1	XM_042106067.1	100.000	8626	0	0	30834907	30843532	9097	472	0.0
NC_055966.1	34773	13165	NC_055966.1	XM_042107828.1	100.000	7129	0	0	22690776	22697904	14645	7517	0.0
NC_055966.1	34773	13165	NC_055966.1	XM_042107826.1	100.000	7129	0	0	22690776	22697904	14106	6978	0.0
NC_055966.1	34773	13165	NC_055966.1	XM_042107825.1	100.000	7129	0	0	22690776	22697904	14640	7512	0.0
NC_055966.1	34773	13165	NC_055966.1	XM_042107824.1	100.000	7129	0	0	22690776	22697904	14492	7364	0.0
NC_055966.1	34773	13165	NC_055966.1	XM_042107823.1	100.000	7129	0	0	22690776	22697904	14655	7527	0.0
NC_055966.1	34773	13165	NC_055966.1	XM_042107822.1	100.000	7129	0	0	22690776	22697904	14507	7379	0.0
NC_055966.1	34773	13165	NC_055966.1	XM_042107821.1	100.000	7129	0	0	22690776	22697904	14762	7634	0.0
NC_055967.1	34773	24373	NC_055967.1	XM_042109140.1	100.000	13198	0	0	33750268	33763465	51	13248	0.0
NC_055967.1	34773	21647	NC_055967.1	XM_042110366.1	100.000	11722	0	0	36693310	36705031	12264	543	0.0
NC_055967.1	34773	18648	NC_055967.1	XM_042109250.1	100.000	10098	0	0	7321496	7331593	10209	112	0.0
NC_055967.1	34773	14683	NC_055967.1	XM_042109393.1	99.987	7955	0	1	22437354	22445308	9318	1365	0.0
NC_055967.1	34773	14392	NC_055967.1	XR_006035131.1	100.000	7793	0	0	21360837	21368629	439	8231	0.0
NC_055967.1	34773	14344	NC_055967.1	XR_006035165.1	100.000	7767	0	0	18739799	18747565	3726	11492	0.0
NC_055967.1	34773	14344	NC_055967.1	XM_042110620.1	100.000	7767	0	0	18739799	18747565	3726	11492	0.0
NC_055967.1	34773	13996	NC_055967.1	XM_042110913.1	100.000	7579	0	0	35082692	35090270	3767	11345	0.0
NC_055967.1	34773	13996	NC_055967.1	XM_042110912.1	100.000	7579	0	0	35082692	35090270	3770	11348	0.0
NC_055967.1	34773	13470	NC_055967.1	XM_042110160.1	99.986	7297	1	0	9963463	9970759	21720	14424	0.0
NC_055968.1	34773	19067	NC_055968.1	XM_042111921.1	100.000	10325	0	0	21434447	21444771	1394	11718	0.0
NC_055968.1	34773	19067	NC_055968.1	XM_042111920.1	100.000	10325	0	0	21434447	21444771	2025	12349	0.0
NC_055968.1	34773	19067	NC_055968.1	XM_042111919.1	100.000	10325	0	0	21434447	21444771	1521	11845	0.0
NC_055968.1	34773	19067	NC_055968.1	XM_042111918.1	100.000	10325	0	0	21434447	21444771	2211	12535	0.0
NC_055968.1	34773	19067	NC_055968.1	XM_042111917.1	100.000	10325	0	0	21434447	21444771	1554	11878	0.0
NC_055968.1	34773	15579	NC_055968.1	XM_042057602.1	100.000	8436	0	0	26945868	26954303	8436	1	0.0
NC_055968.1	34773	14351	NC_055968.1	XM_042057424.1	100.000	7771	0	0	25357593	25365363	4994	12764	0.0
NC_055968.1	34773	11121	NC_055968.1	XM_042057570.1	100.000	6022	0	0	35986493	35992514	2099	8120	0.0
NC_055968.1	34773	10850	NC_055968.1	XM_042057695.1	100.000	5875	0	0	23162809	23168683	7855	1981	0.0
NC_055968.1	34773	10850	NC_055968.1	XM_042057694.1	100.000	5875	0	0	23162809	23168683	7881	2007	0.0
NC_055969.1	34773	14934	NC_055969.1	XM_042059959.1	100.000	8087	0	0	25264529	25272615	9804	1718	0.0
NC_055969.1	34773	14934	NC_055969.1	XM_042059958.1	100.000	8087	0	0	25264529	25272615	9797	1711	0.0
NC_055969.1	34773	14934	NC_055969.1	XM_042059957.1	100.000	8087	0	0	25264529	25272615	9816	1730	0.0
NC_055969.1	34773	14901	NC_055969.1	XM_042059961.1	100.000	8069	0	0	25264529	25272597	9785	1717	0.0
NC_055969.1	34773	14901	NC_055969.1	XM_042059960.1	100.000	8069	0	0	25264529	25272597	9797	1729	0.0
NC_055969.1	34773	13566	NC_055969.1	XM_042058652.1	100.000	7346	0	0	14666088	14673433	11587	4242	0.0
NC_055969.1	34773	13267	NC_055969.1	XM_042059409.1	100.000	7184	0	0	24774855	24782038	295	7478	0.0
NC_055969.1	34773	12126	NC_055969.1	XM_042058528.1	100.000	6566	0	0	1563088	1569653	6577	12	0.0
NC_055969.1	34773	12008	NC_055969.1	XR_006024982.1	99.710	6560	18	1	17780517	17787075	6560	1	0.0
NC_055969.1	34773	11965	NC_055969.1	XM_042058529.1	100.000	6479	0	0	1563088	1569566	6490	12	0.0
NC_055970.1	34773	21854	NC_055970.1	XM_042061707.1	100.000	11834	0	0	34002476	34014309	14664	2831	0.0
NC_055970.1	34773	21854	NC_055970.1	XM_042061706.1	100.000	11834	0	0	34002476	34014309	14667	2834	0.0
NC_055970.1	34773	21854	NC_055970.1	XM_042061705.1	100.000	11834	0	0	34002476	34014309	14679	2846	0.0
NC_055970.1	34773	21854	NC_055970.1	XM_042061704.1	100.000	11834	0	0	34002476	34014309	14712	2879	0.0
NC_055970.1	34773	14366	NC_055970.1	XM_042062306.1	100.000	7779	0	0	31764079	31771857	98	7876	0.0
NC_055970.1	34773	14235	NC_055970.1	XM_042062112.1	100.000	7708	0	0	32707346	32715053	10820	3113	0.0
NC_055970.1	34773	13657	NC_055970.1	XM_042061116.1	100.000	7395	0	0	8649667	8657061	8937	1543	0.0
NC_055970.1	34773	13136	NC_055970.1	XM_042062538.1	100.000	7113	0	0	4333862	4340974	913	8025	0.0
NC_055970.1	34773	13106	NC_055970.1	XM_042061645.1	99.986	7100	1	0	11536303	11543402	424	7523	0.0
NC_055970.1	34773	12997	NC_055970.1	XM_042062570.1	99.986	7041	1	0	12166723	12173763	339	7379	0.0
NC_055971.1	34773	27080	NC_055971.1	XM_042063201.1	100.000	14664	0	0	29878849	29893512	813	15476	0.0
NC_055971.1	34773	24295	NC_055971.1	XM_042063348.1	99.992	13159	1	0	28441007	28454165	16033	2875	0.0
NC_055971.1	34773	24293	NC_055971.1	XM_042063347.1	100.000	13155	0	0	28441007	28454161	15800	2646	0.0
NC_055971.1	34773	24293	NC_055971.1	XM_042063346.1	100.000	13155	0	0	28441007	28454161	15853	2699	0.0
NC_055971.1	34773	24293	NC_055971.1	XM_042063345.1	100.000	13155	0	0	28441007	28454161	16060	2906	0.0
NC_055971.1	34773	19776	NC_055971.1	XM_042063202.1	93.749	13294	647	112	29880314	29893512	2098	15302	0.0
NC_055971.1	34773	19710	NC_055971.1	XM_042063203.1	93.666	13294	652	113	29880314	29893512	2098	15296	0.0
NC_055971.1	34773	19191	NC_055971.1	XM_042063205.1	97.261	11353	255	23	29882185	29893512	3801	15122	0.0
NC_055971.1	34773	19101	NC_055971.1	XM_042063204.1	92.846	13307	736	121	29880314	29893512	2098	15296	0.0
NC_055971.1	34773	18674	NC_055971.1	XM_042063206.1	94.084	12391	573	83	29881208	29893512	2098	14414	0.0
NC_055972.1	34773	21496	NC_055972.1	XM_042066158.1	100.000	11640	0	0	5183396	5195035	2380	14019	0.0
NC_055972.1	34773	14539	NC_055972.1	XM_042064948.1	100.000	7873	0	0	19199149	19207021	387	8259	0.0
NC_055972.1	34773	14419	NC_055972.1	XM_042065964.1	100.000	7808	0	0	16595471	16603278	474	8281	0.0
NC_055972.1	34773	14419	NC_055972.1	XM_042065963.1	100.000	7808	0	0	16595471	16603278	745	8552	0.0
NC_055972.1	34773	14419	NC_055972.1	XM_042065962.1	100.000	7808	0	0	16595471	16603278	687	8494	0.0
NC_055972.1	34773	14419	NC_055972.1	XM_042065960.1	100.000	7808	0	0	16595471	16603278	693	8500	0.0
NC_055972.1	34773	14419	NC_055972.1	XM_042065959.1	100.000	7808	0	0	16595471	16603278	1036	8843	0.0
NC_055972.1	34773	14419	NC_055972.1	XM_042065958.1	100.000	7808	0	0	16595471	16603278	755	8562	0.0
NC_055972.1	34773	14419	NC_055972.1	XM_042065957.1	100.000	7808	0	0	16595471	16603278	817	8624	0.0
NC_055972.1	34773	13758	NC_055972.1	XM_042066603.1	100.000	7450	0	0	7277345	7284794	8778	1329	0.0
NC_055973.1	34773	15254	NC_055973.1	XM_042067755.1	100.000	8260	0	0	21961665	21969924	8274	15	0.0
NC_055973.1	34773	15250	NC_055973.1	XM_042067754.1	100.000	8258	0	0	21961665	21969922	8641	384	0.0
NC_055973.1	34773	15250	NC_055973.1	XM_042067753.1	100.000	8258	0	0	21961665	21969922	8539	282	0.0
NC_055973.1	34773	14665	NC_055973.1	XM_042067756.1	100.000	7941	0	0	21961665	21969605	8008	68	0.0
NC_055973.1	34773	14059	NC_055973.1	XM_042067943.1	100.000	7613	0	0	21888599	21896211	7711	99	0.0
NC_055973.1	34773	14059	NC_055973.1	XM_042067942.1	100.000	7613	0	0	21888599	21896211	7898	286	0.0
NC_055973.1	34773	13396	NC_055973.1	XM_042067832.1	100.000	7254	0	0	13270898	13278151	7815	562	0.0
NC_055973.1	34773	13396	NC_055973.1	XM_042067831.1	100.000	7254	0	0	13270898	13278151	7768	515	0.0
NC_055973.1	34773	13396	NC_055973.1	XM_042067830.1	100.000	7254	0	0	13270898	13278151	7818	565	0.0
NC_055973.1	34773	12453	NC_055973.1	XM_042066963.1	100.000	6743	0	0	16518423	16525165	7805	1063	0.0
NC_055974.1	34773	16641	NC_055974.1	XM_042070255.1	100.000	9011	0	0	13498334	13507344	10328	1318	0.0
NC_055974.1	34773	16528	NC_055974.1	XM_042069635.1	100.000	8950	0	0	10690291	10699240	9046	97	0.0
NC_055974.1	34773	16528	NC_055974.1	XM_042069634.1	99.978	8957	0	1	10690291	10699245	9239	283	0.0
NC_055974.1	34773	14502	NC_055974.1	XM_042070224.1	100.000	7853	0	0	25279406	25287258	8029	177	0.0
NC_055974.1	34773	14465	NC_055974.1	XM_042069363.1	100.000	7833	0	0	18481631	18489463	8562	730	0.0
NC_055974.1	34773	14456	NC_055974.1	XM_042070223.1	100.000	7828	0	0	25279406	25287233	8315	488	0.0
NC_055974.1	34773	14308	NC_055974.1	XM_042071056.1	99.987	7752	0	1	11590083	11597833	536	8287	0.0
NC_055974.1	34773	14140	NC_055974.1	XM_042069076.1	100.000	7657	0	0	27655928	27663584	1302	8958	0.0
NC_055974.1	34773	14074	NC_055974.1	XR_006024946.1	100.000	7621	0	0	25279613	25287233	8108	488	0.0
NC_055974.1	34773	13433	NC_055974.1	XR_006024947.1	100.000	7274	0	0	25279960	25287233	7761	488	0.0
NC_055975.1	34773	24550	NC_055975.1	XM_042071832.1	100.000	13294	0	0	19412700	19425993	13966	673	0.0
NC_055975.1	34773	24550	NC_055975.1	XM_042071831.1	100.000	13294	0	0	19412700	19425993	14421	1128	0.0
NC_055975.1	34773	24550	NC_055975.1	XM_042071830.1	100.000	13294	0	0	19412700	19425993	14427	1134	0.0
NC_055975.1	34773	23785	NC_055975.1	XM_042071834.1	100.000	12880	0	0	19399468	19412347	385	13264	0.0
NC_055975.1	34773	21145	NC_055975.1	XM_042071833.1	100.000	11450	0	0	19414544	19425993	12583	1134	0.0
NC_055975.1	34773	16460	NC_055975.1	XM_042071461.1	100.000	8913	0	0	16538112	16547024	2681	11593	0.0
NC_055975.1	34773	16251	NC_055975.1	XM_042071837.1	100.000	8800	0	0	19403548	19412347	4390	13189	0.0
NC_055975.1	34773	16225	NC_055975.1	XM_042072755.1	100.000	8786	0	0	13740064	13748849	923	9708	0.0
NC_055975.1	34773	15677	NC_055975.1	XM_042071838.1	99.988	8492	1	0	19399468	19407959	385	8876	0.0
NC_055975.1	34773	15099	NC_055975.1	XM_042067755.1	99.709	8252	16	3	11397032	11405279	15	8262	0.0
NW_024582117.1	34773	8093	NW_024582117.1	XM_042106032.1	96.218	4945	184	2	68918	73859	4948	4	0.0
NW_024582117.1	34773	8061	NW_024582117.1	XM_042106241.1	95.438	5064	220	10	68918	73974	5077	18	0.0
NW_024582117.1	34773	8050	NW_024582117.1	XM_042105746.1	95.778	4998	200	4	68918	73911	5224	234	0.0
NW_024582117.1	34773	7659	NW_024582117.1	XM_042095856.1	97.217	4527	123	2	69141	73664	5632	1106	0.0
NW_024582117.1	34773	7548	NW_024582117.1	XM_042095854.1	96.404	4588	153	4	69081	73665	4614	36	0.0
NW_024582117.1	34773	7548	NW_024582117.1	XM_042077537.1	96.404	4588	153	4	69081	73665	4614	36	0.0
NW_024582117.1	34773	7548	NW_024582117.1	XM_042077533.1	96.404	4588	153	4	69081	73665	4614	36	0.0
NW_024582117.1	34773	7153	NW_024582117.1	XM_042077534.1	96.846	4280	132	2	69388	73664	5023	744	0.0
NW_024582117.1	34773	7153	NW_024582117.1	XM_042106165.1	96.846	4280	132	2	69388	73664	5023	744	0.0
NW_024582117.1	34773	7142	NW_024582117.1	XM_042106111.1	96.799	4280	134	2	69388	73664	5023	744	0.0
NC_055976.1	34773	33541	NC_055976.1	XM_042074790.1	100.000	18163	0	0	5581655	5599817	809	18971	0.0
NC_055976.1	34773	33541	NC_055976.1	XM_042074789.1	100.000	18163	0	0	5581655	5599817	785	18947	0.0
NC_055976.1	34773	28123	NC_055976.1	XM_042074792.1	99.350	15534	97	3	5584286	5599817	3059	18590	0.0
NC_055976.1	34773	25760	NC_055976.1	XM_042074791.1	99.971	13961	4	0	5581655	5595615	786	14746	0.0
NC_055976.1	34773	24395	NC_055976.1	XM_042074793.1	99.023	13609	133	0	5581655	5595263	786	14394	0.0
NC_055976.1	34773	21717	NC_055976.1	XM_042074796.1	98.430	12355	169	9	5581655	5594007	787	13118	0.0
NC_055976.1	34773	17970	NC_055976.1	XM_042074795.1	99.990	9734	1	0	5581655	5591388	786	10519	0.0
NC_055976.1	34773	17970	NC_055976.1	XM_042074794.1	99.990	9734	1	0	5581655	5591388	786	10519	0.0
NC_055976.1	34773	16188	NC_055976.1	XM_042074876.1	100.000	8766	0	0	3290403	3299168	9246	481	0.0
NC_055976.1	34773	16187	NC_055976.1	XM_042074877.1	99.989	8768	1	0	3290403	3299170	8949	182	0.0
NC_055977.1	34773	68168	NC_055977.1	XM_042076428.1	100.000	36914	0	0	11366999	11403912	4670	41583	0.0
NC_055977.1	34773	67479	NC_055977.1	XM_042076429.1	99.975	36568	9	0	11366999	11403566	4670	41237	0.0
NC_055977.1	34773	67409	NC_055977.1	XM_042076430.1	99.989	36515	4	0	11366999	11403513	4670	41184	0.0
NC_055977.1	34773	41284	NC_055977.1	XM_042076432.1	99.633	22613	68	8	11381315	11403912	18005	40617	0.0
NC_055977.1	34773	38562	NC_055977.1	XM_042076433.1	98.904	21619	185	26	11382302	11403912	18004	39578	0.0
NC_055977.1	34773	37676	NC_055977.1	XM_042076434.1	99.665	20610	67	2	11383304	11403912	18004	38612	0.0
NC_055977.1	34773	36284	NC_055977.1	XM_042076161.1	100.000	19648	0	0	18792708	18812355	76	19723	0.0
NC_055977.1	34773	18892	NC_055977.1	XM_042077657.1	100.000	10230	0	0	21450269	21460498	10594	365	0.0
NC_055977.1	34773	18334	NC_055977.1	XM_042076436.1	100.000	9928	0	0	11333631	11343558	11761	1834	0.0
NC_055977.1	34773	18334	NC_055977.1	XM_042076435.1	100.000	9928	0	0	11333631	11343558	11761	1834	0.0
NC_055978.1	34773	20185	NC_055978.1	XM_042078318.1	100.000	10930	0	0	26070903	26081832	2437	13366	0.0
NC_055978.1	34773	16159	NC_055978.1	XM_042079559.1	100.000	8750	0	0	29756992	29765741	15287	6538	0.0
NC_055978.1	34773	16159	NC_055978.1	XM_042079557.1	100.000	8750	0	0	29756992	29765741	15917	7168	0.0
NC_055978.1	34773	12861	NC_055978.1	XM_042107362.1	99.800	7007	13	1	18686331	18693336	138	7144	0.0
NC_055978.1	34773	10879	NC_055978.1	XM_042079243.1	100.000	5891	0	0	23017340	23023230	4022	9912	0.0
NC_055978.1	34773	10283	NC_055978.1	XM_042079605.1	100.000	5568	0	0	13859325	13864892	731	6298	0.0
NC_055978.1	34773	10274	NC_055978.1	XM_042078922.1	100.000	5563	0	0	26957921	26963483	5694	132	0.0
NC_055978.1	34773	10268	NC_055978.1	XM_042078913.1	100.000	5560	0	0	26957921	26963480	6747	1188	0.0
NC_055978.1	34773	10268	NC_055978.1	XM_042078912.1	100.000	5560	0	0	26957921	26963480	6754	1195	0.0
NC_055978.1	34773	9858	NC_055978.1	XM_042078665.1	100.000	5338	0	0	2173246	2178583	12679	18016	0.0
NC_055979.1	34773	17579	NC_055979.1	XM_042079789.1	100.000	9519	0	0	15179784	15189302	10269	751	0.0
NC_055979.1	34773	17579	NC_055979.1	XM_042079788.1	100.000	9519	0	0	15179784	15189302	10275	757	0.0
NC_055979.1	34773	17579	NC_055979.1	XM_042079787.1	100.000	9519	0	0	15179784	15189302	10800	1282	0.0
NC_055979.1	34773	17579	NC_055979.1	XM_042079786.1	100.000	9519	0	0	15179784	15189302	10806	1288	0.0
NC_055979.1	34773	13710	NC_055979.1	XM_042080387.1	100.000	7424	0	0	21855226	21862649	2002	9425	0.0
NC_055979.1	34773	13710	NC_055979.1	XM_042080386.1	100.000	7424	0	0	21855226	21862649	2199	9622	0.0
NC_055979.1	34773	13710	NC_055979.1	XM_042080385.1	100.000	7424	0	0	21855226	21862649	2008	9431	0.0
NC_055979.1	34773	13710	NC_055979.1	XM_042080384.1	100.000	7424	0	0	21855226	21862649	2008	9431	0.0
NC_055979.1	34773	13710	NC_055979.1	XM_042080383.1	100.000	7424	0	0	21855226	21862649	2415	9838	0.0
NC_055979.1	34773	13710	NC_055979.1	XM_042080382.1	100.000	7424	0	0	21855226	21862649	2211	9634	0.0
NC_055980.1	34773	15235	NC_055980.1	XM_042082934.1	99.988	8254	0	1	10224669	10232922	8577	325	0.0
NC_055980.1	34773	11889	NC_055980.1	XM_042082221.1	100.000	6438	0	0	20899493	20905930	1506	7943	0.0
NC_055980.1	34773	11463	NC_055980.1	XM_042082721.1	100.000	6207	0	0	20442060	20448266	1	6207	0.0
NC_055980.1	34773	11033	NC_055980.1	XM_042082122.1	100.000	5974	0	0	9351416	9357389	14285	8312	0.0
NC_055980.1	34773	11033	NC_055980.1	XM_042082121.1	100.000	5974	0	0	9351416	9357389	14408	8435	0.0
NC_055980.1	34773	11033	NC_055980.1	XM_042082118.1	100.000	5974	0	0	9351416	9357389	14367	8394	0.0
NC_055980.1	34773	11033	NC_055980.1	XM_042082117.1	100.000	5974	0	0	9351416	9357389	14387	8414	0.0
NC_055980.1	34773	11033	NC_055980.1	XM_042082116.1	100.000	5974	0	0	9351416	9357389	14450	8477	0.0
NC_055980.1	34773	10972	NC_055980.1	XM_042083966.1	100.000	5941	0	0	22926419	22932359	10199	4259	0.0
NC_055980.1	34773	10661	NC_055980.1	XM_042082558.1	100.000	5773	0	0	9171066	9176838	6365	593	0.0
NW_024582118.1	34773	309	NW_024582118.1	XM_042079785.1	89.453	256	12	2	42475	42728	1239	1481	2.39e-77
NW_024582118.1	34773	292	NW_024582118.1	XM_042075014.1	93.434	198	12	1	45453	45649	2406	2209	2.40e-72
NW_024582118.1	34773	291	NW_024582118.1	XM_042104421.1	92.271	207	12	3	45441	45645	1597	1393	8.64e-72
NW_024582118.1	34773	279	NW_024582118.1	XM_042103960.1	86.381	257	33	1	38882	39138	2543	2289	1.87e-68
NW_024582118.1	34773	261	NW_024582118.1	XM_042057458.1	98.000	150	3	0	11383	11532	2368	2219	6.78e-63
NW_024582118.1	34773	261	NW_024582118.1	XM_042057457.1	98.000	150	3	0	11383	11532	3075	2926	6.78e-63
NW_024582118.1	34773	261	NW_024582118.1	XM_042104553.1	98.000	150	3	0	42478	42627	4386	4237	6.78e-63
NW_024582118.1	34773	261	NW_024582118.1	XM_042104545.1	98.000	150	3	0	42478	42627	4410	4261	6.78e-63
NW_024582118.1	34773	261	NW_024582118.1	XM_042104536.1	98.000	150	3	0	42478	42627	4418	4269	6.78e-63
NW_024582118.1	34773	259	NW_024582118.1	XM_042069359.1	96.203	158	6	0	35922	36079	640	483	2.44e-62
NW_024582119.1	8049	287	NW_024582119.1	LR633947.1	86.268	284	16	7	15339	15600	294234	294516	7.27e-71
NW_024582119.1	34773	267	NW_024582119.1	XM_042104421.1	90.094	212	11	4	15402	15605	1393	1602	9.47e-65
NW_024582119.1	34773	259	NW_024582119.1	XM_042094880.1	89.720	214	7	4	2809	3016	3615	3411	1.59e-62
NW_024582119.1	34773	252	NW_024582119.1	XM_042075014.1	89.756	205	10	2	15398	15591	2209	2413	2.65e-60
NW_024582119.1	34773	246	NW_024582119.1	XR_006025395.1	94.937	158	7	1	15327	15484	189	33	1.23e-58
NW_024582119.1	34773	243	NW_024582119.1	XM_042062717.1	89.163	203	10	4	2809	3003	1474	1672	1.60e-57
NW_024582119.1	34773	243	NW_024582119.1	XM_042062716.1	89.163	203	10	4	2809	3003	1504	1702	1.60e-57
NW_024582119.1	34773	235	NW_024582119.1	XM_042109919.1	91.329	173	14	1	15329	15501	5857	6028	2.67e-55
NW_024582119.1	34773	235	NW_024582119.1	XM_042109918.1	91.329	173	14	1	15329	15501	5889	6060	2.67e-55
NW_024582119.1	34773	235	NW_024582119.1	XM_042109917.1	91.329	173	14	1	15329	15501	5833	6004	2.67e-55
NW_024582120.1	34773	202	NW_024582120.1	XR_006031201.1	91.391	151	7	3	165312	165456	460	610	1.39e-44
NW_024582120.1	34773	161	NW_024582120.1	XR_006022692.1	96.000	100	3	1	162225	162324	99	1	2.36e-32
NW_024582121.1	34773	7324	NW_024582121.1	XR_006027304.1	100.000	3966	0	0	120865	124830	1	3966	0.0
NW_024582121.1	34773	7319	NW_024582121.1	XR_006026316.1	99.975	3966	1	0	120865	124830	1	3966	0.0
NW_024582121.1	34773	7302	NW_024582121.1	XR_006026966.1	99.899	3966	4	0	120865	124830	1	3966	0.0
NW_024582121.1	34773	7297	NW_024582121.1	XR_006027307.1	99.874	3966	5	0	120865	124830	1	3966	0.0
NW_024582121.1	34773	6881	NW_024582121.1	XR_006030562.1	97.984	3969	75	5	120865	124830	1	3967	0.0
NW_024582121.1	34773	6881	NW_024582121.1	XR_006030561.1	97.984	3969	75	5	120865	124830	1	3967	0.0
NW_024582121.1	34773	6881	NW_024582121.1	XR_006030560.1	97.984	3969	75	5	120865	124830	1	3967	0.0
NW_024582121.1	34773	6881	NW_024582121.1	XR_006030559.1	97.984	3969	75	5	120865	124830	1	3967	0.0
NW_024582121.1	34773	6881	NW_024582121.1	XR_006030557.1	97.984	3969	75	5	120865	124830	1	3967	0.0
NW_024582121.1	34773	6881	NW_024582121.1	XR_006030556.1	97.984	3969	75	5	120865	124830	1	3967	0.0
NW_024582122.1	8175	612	NW_024582122.1	LR537143.1	85.271	645	38	14	43928	44520	849115	849754	5.24e-168
NW_024582122.1	7962	599	NW_024582122.1	LN598462.1	84.830	646	42	14	43927	44520	425535	426176	4.08e-164
NW_024582122.1	7962	599	NW_024582122.1	LN590692.1	84.830	646	42	14	43927	44520	18037158	18036517	4.08e-164
NW_024582122.1	7962	599	NW_024582122.1	LN590690.1	84.830	646	42	14	43927	44520	14663868	14664509	4.08e-164
NW_024582122.1	7962	593	NW_024582122.1	LN590693.1	84.699	647	42	15	43927	44520	12453237	12453879	1.90e-162
NW_024582122.1	293821	590	NW_024582122.1	AP022676.1	84.675	646	40	17	43927	44520	880956	880318	2.46e-161
NW_024582122.1	375764	586	NW_024582122.1	LR597462.1	81.159	828	71	34	43771	44520	35151279	35150459	3.18e-160
NW_024582122.1	8175	527	NW_024582122.1	LR537129.1	87.026	501	24	11	44057	44520	217640	217144	1.95e-142
NW_024582122.1	7962	497	NW_024582122.1	JN722673.1	84.530	543	40	14	44018	44520	1392	854	1.53e-133
NW_024582122.1	8175	366	NW_024582122.1	LR537135.1	83.933	417	31	16	44136	44520	2469067	2468655	4.50e-94
NW_024582123.1	34773	7324	NW_024582123.1	XR_006027307.1	100.000	3966	0	0	124056	128021	1	3966	0.0
NW_024582123.1	34773	7308	NW_024582123.1	XR_006026966.1	99.924	3966	3	0	124056	128021	1	3966	0.0
NW_024582123.1	34773	7302	NW_024582123.1	XR_006026316.1	99.899	3966	4	0	124056	128021	1	3966	0.0
NW_024582123.1	34773	7297	NW_024582123.1	XR_006027304.1	99.874	3966	5	0	124056	128021	1	3966	0.0
NW_024582123.1	34773	6881	NW_024582123.1	XR_006030562.1	97.984	3969	75	5	124056	128021	1	3967	0.0
NW_024582123.1	34773	6881	NW_024582123.1	XR_006030561.1	97.984	3969	75	5	124056	128021	1	3967	0.0
NW_024582123.1	34773	6881	NW_024582123.1	XR_006030560.1	97.984	3969	75	5	124056	128021	1	3967	0.0
NW_024582123.1	34773	6881	NW_024582123.1	XR_006030559.1	97.984	3969	75	5	124056	128021	1	3967	0.0
NW_024582123.1	34773	6881	NW_024582123.1	XR_006030557.1	97.984	3969	75	5	124056	128021	1	3967	0.0
NW_024582123.1	34773	6881	NW_024582123.1	XR_006030556.1	97.984	3969	75	5	124056	128021	1	3967	0.0
NW_024582124.1	34773	178	NW_024582124.1	XR_006022692.1	98.990	99	1	0	17223	17321	1	99	1.93e-37
NW_024582125.1	34773	1703	NW_024582125.1	XM_042081490.1	99.056	953	1	1	66390	67334	1	953	0.0
NW_024582125.1	34773	1140	NW_024582125.1	XM_042081497.1	100.000	617	0	0	66718	67334	47	663	0.0
NW_024582125.1	34773	1140	NW_024582125.1	XM_042080964.1	100.000	617	0	0	66718	67334	47	663	0.0
NW_024582125.1	34773	1140	NW_024582125.1	XM_042080960.1	100.000	617	0	0	66718	67334	47	663	0.0
NW_024582125.1	34773	1140	NW_024582125.1	XM_042084056.1	100.000	617	0	0	66718	67334	47	663	0.0
NW_024582125.1	34773	1134	NW_024582125.1	XM_042081489.1	99.838	617	1	0	66718	67334	47	663	0.0
NW_024582125.1	34773	1068	NW_024582125.1	XM_042081492.1	98.998	599	0	1	69947	70545	1	593	0.0
NW_024582125.1	34773	710	NW_024582125.1	XM_042081501.1	100.000	384	0	0	66951	67334	1	384	0.0
NW_024582125.1	34773	621	NW_024582125.1	XM_042077901.1	96.296	378	14	0	66846	67223	1513	1890	5.54e-171
NW_024582125.1	34773	621	NW_024582125.1	XM_042077900.1	96.296	378	14	0	66846	67223	1513	1890	5.54e-171
NW_024582126.1	34773	241	NW_024582126.1	XM_042111587.1	87.387	222	12	6	78902	79123	2692	2897	1.61e-56
NW_024582126.1	34773	241	NW_024582126.1	XM_042111586.1	87.387	222	12	6	78902	79123	2778	2983	1.61e-56
NW_024582126.1	34773	222	NW_024582126.1	XM_042100526.1	98.413	126	2	0	79014	79139	6059	5934	5.84e-51
NW_024582126.1	34773	222	NW_024582126.1	XM_042100525.1	98.413	126	2	0	79014	79139	6113	5988	5.84e-51
NW_024582126.1	34773	222	NW_024582126.1	XM_042100524.1	98.413	126	2	0	79014	79139	6052	5927	5.84e-51
NW_024582126.1	54343	220	NW_024582126.1	XM_032511199.1	85.586	222	18	10	78913	79130	3122	2911	2.10e-50
NW_024582126.1	34773	220	NW_024582126.1	XM_042085180.1	98.400	125	2	0	79014	79138	2216	2092	2.10e-50
NW_024582126.1	34773	174	NW_024582126.1	XM_042109492.1	93.966	116	5	2	79024	79138	1836	1722	1.66e-36
NW_024582126.1	34773	174	NW_024582126.1	XM_042109490.1	93.966	116	5	2	79024	79138	1983	1869	1.66e-36
NW_024582126.1	34773	174	NW_024582126.1	XM_042109489.1	93.966	116	5	2	79024	79138	1835	1721	1.66e-36
NW_024582127.1	34773	5932	NW_024582127.1	XM_042084058.1	99.753	3239	3	5	41997	45233	4202	967	0.0
NW_024582127.1	34773	5843	NW_024582127.1	XM_042085215.1	99.259	3239	19	5	41997	45233	4309	1074	0.0
NW_024582127.1	34773	5843	NW_024582127.1	XM_042084054.1	99.259	3239	19	5	41997	45233	4199	964	0.0
NW_024582127.1	34773	5740	NW_024582127.1	XM_042072796.1	99.650	3142	9	1	41865	45006	3860	721	0.0
NW_024582127.1	34773	5740	NW_024582127.1	XM_042072795.1	99.650	3142	9	1	41865	45006	3854	715	0.0
NW_024582127.1	34773	3576	NW_024582127.1	XM_042102219.1	98.855	2008	18	5	43228	45233	2804	800	0.0
NW_024582127.1	34773	3299	NW_024582127.1	XM_042090611.1	99.504	1814	8	1	45258	47071	2057	245	0.0
NW_024582127.1	34773	3299	NW_024582127.1	XM_042090600.1	99.504	1814	8	1	45258	47071	2057	245	0.0
NW_024582127.1	34773	2828	NW_024582127.1	XM_042088576.1	98.989	1582	11	5	43654	45233	2624	1046	0.0
NW_024582127.1	34773	2010	NW_024582127.1	XM_042099557.1	98.262	1151	15	5	44085	45233	2098	951	0.0
NW_024582128.1	34773	178	NW_024582128.1	XR_006022692.1	98.990	99	1	0	2254	2352	1	99	7.06e-38
NW_024582129.1	8049	414	NW_024582129.1	LR633947.1	93.007	286	17	3	20545	20828	294234	294518	4.84e-109
NW_024582129.1	34773	407	NW_024582129.1	XM_042058098.1	92.000	300	9	3	8019	8310	1195	903	8.09e-107
NW_024582129.1	34773	353	NW_024582129.1	XM_042083595.1	94.737	228	10	2	20596	20822	2764	2538	1.07e-90
NW_024582129.1	34773	305	NW_024582129.1	XR_006034619.1	99.408	169	0	1	42051	42219	1	168	3.04e-76
NW_024582129.1	34773	283	NW_024582129.1	XM_042075014.1	92.424	198	15	0	24904	25101	2209	2406	1.42e-69
NW_024582129.1	34773	279	NW_024582129.1	XM_042070650.1	88.655	238	16	7	20577	20812	2304	2076	1.84e-68
NW_024582129.1	34773	278	NW_024582129.1	XM_042104421.1	91.262	206	15	2	24908	25112	1393	1596	6.62e-68
NW_024582129.1	34773	274	NW_024582129.1	XM_042110893.1	95.882	170	5	1	20653	20822	1629	1796	8.56e-67
NW_024582129.1	34773	259	NW_024582129.1	XR_006025395.1	96.203	158	6	0	24835	24992	188	31	2.40e-62
NW_024582129.1	34773	252	NW_024582129.1	XM_042109919.1	93.023	172	12	0	24836	25007	5857	6028	4.01e-60
NW_024582130.1	34773	5882	NW_024582130.1	XM_042084058.1	99.475	3239	12	5	26918	30154	4202	967	0.0
NW_024582130.1	34773	5849	NW_024582130.1	XM_042084054.1	99.290	3239	18	5	26918	30154	4199	964	0.0
NW_024582130.1	34773	5838	NW_024582130.1	XM_042085215.1	99.228	3239	20	5	26918	30154	4309	1074	0.0
NW_024582130.1	34773	5740	NW_024582130.1	XM_042072796.1	99.650	3142	9	1	26786	29927	3860	721	0.0
NW_024582130.1	34773	5740	NW_024582130.1	XM_042072795.1	99.650	3142	9	1	26786	29927	3854	715	0.0
NW_024582130.1	34773	3722	NW_024582130.1	XM_042090611.1	99.319	2057	14	0	23373	25429	2057	1	0.0
NW_024582130.1	34773	3722	NW_024582130.1	XM_042090600.1	99.319	2057	14	0	23373	25429	2057	1	0.0
NW_024582130.1	34773	3581	NW_024582130.1	XM_042102219.1	98.904	2008	17	5	28149	30154	2804	800	0.0
NW_024582130.1	34773	2822	NW_024582130.1	XM_042088576.1	98.925	1582	12	5	28575	30154	2624	1046	0.0
NW_024582130.1	34773	2010	NW_024582130.1	XM_042099557.1	98.262	1151	15	5	29006	30154	2098	951	0.0
NW_024582131.1	34773	1535	NW_024582131.1	XM_042084061.1	100.000	831	0	0	5438	6268	226	1056	0.0
NW_024582131.1	34773	701	NW_024582131.1	XM_042084064.1	99.739	383	0	1	18308	18689	383	1	0.0
NW_024582131.1	34773	701	NW_024582131.1	XM_042084063.1	99.739	383	0	1	18308	18689	383	1	0.0
NW_024582131.1	34773	442	NW_024582131.1	XR_006021912.1	97.674	258	5	1	8099	8356	15	271	1.48e-117
NW_024582131.1	8049	388	NW_024582131.1	LR633947.1	91.519	283	22	2	27279	27559	294234	294516	1.96e-101
NW_024582131.1	7962	361	NW_024582131.1	LN590697.1	91.923	260	17	3	28027	28284	4878844	4879101	4.27e-93
NW_024582131.1	7962	355	NW_024582131.1	LN590698.1	92.742	248	15	2	28038	28284	12138806	12139051	1.99e-91
NW_024582131.1	7962	353	NW_024582131.1	LN590717.1	92.400	250	16	2	28036	28284	8207220	8207467	7.15e-91
NW_024582131.1	7962	353	NW_024582131.1	LN590715.1	92.095	253	16	3	28034	28284	4377696	4377946	7.15e-91
NW_024582131.1	7962	353	NW_024582131.1	LN590710.1	91.506	259	18	3	28027	28284	1243963	1243708	7.15e-91
NW_024582132.1	34773	309	NW_024582132.1	XR_006021709.1	94.500	200	11	0	19513	19712	213	14	1.50e-77
NW_024582132.1	34773	292	NW_024582132.1	XM_042079857.1	99.379	161	1	0	21092	21252	3336	3496	1.51e-72
NW_024582132.1	34773	291	NW_024582132.1	XM_042064353.1	99.375	160	1	0	21092	21251	3808	3649	5.43e-72
NW_024582132.1	34773	289	NW_024582132.1	XM_042098119.1	98.765	162	2	0	21092	21253	3897	4058	1.95e-71
NW_024582132.1	34773	289	NW_024582132.1	XM_042098118.1	98.765	162	2	0	21092	21253	3910	4071	1.95e-71
NW_024582132.1	34773	289	NW_024582132.1	XM_042098117.1	98.765	162	2	0	21092	21253	4216	4377	1.95e-71
NW_024582132.1	34773	289	NW_024582132.1	XM_042059245.1	98.765	162	2	0	21091	21252	2813	2652	1.95e-71
NW_024582132.1	34773	289	NW_024582132.1	XR_006021546.1	98.765	162	2	0	21091	21252	1986	1825	1.95e-71
NW_024582132.1	34773	289	NW_024582132.1	XR_006021545.1	98.765	162	2	0	21091	21252	2042	1881	1.95e-71
NW_024582132.1	34773	289	NW_024582132.1	XR_006021544.1	98.765	162	2	0	21091	21252	2314	2153	1.95e-71
NW_024582133.1	299321	318	NW_024582133.1	LR535825.1	93.868	212	12	1	1599	1809	13105118	13104907	2.46e-80
NW_024582133.1	29144	315	NW_024582133.1	LR697114.1	92.727	220	13	3	1632	1850	4634826	4634609	3.18e-79
NW_024582133.1	586833	302	NW_024582133.1	LR597553.1	89.831	236	22	1	1614	1849	13960864	13960631	2.48e-75
NW_024582133.1	293821	300	NW_024582133.1	AP022684.1	93.532	201	13	0	1608	1808	32385285	32385485	8.92e-75
NW_024582133.1	28829	285	NW_024582133.1	OW185639.1	92.462	199	15	0	1608	1806	24094661	24094859	2.50e-70
NW_024582133.1	375764	283	NW_024582133.1	LR597461.1	92.040	201	16	0	1608	1808	39198027	39198227	8.98e-70
NW_024582133.1	315492	283	NW_024582133.1	CP032595.1	87.967	241	27	1	1595	1835	25185205	25184967	8.98e-70
NW_024582133.1	315492	283	NW_024582133.1	CP027278.1	87.967	241	27	1	1595	1835	6575483	6575245	8.98e-70
NW_024582133.1	8236	283	NW_024582133.1	OU607600.1	92.040	201	16	0	1608	1808	23321098	23321298	8.98e-70
NW_024582133.1	36212	283	NW_024582133.1	LR991635.1	92.821	195	14	0	1614	1808	13279039	13278845	8.98e-70
NW_024582134.1	34773	8257	NW_024582134.1	XM_042106241.1	96.499	4998	171	4	18639	23634	82	5077	0.0
NW_024582134.1	34773	8235	NW_024582134.1	XM_042105746.1	96.439	4998	168	5	18639	23634	235	5224	0.0
NW_024582134.1	34773	8213	NW_024582134.1	XM_042106032.1	96.644	4947	162	4	18690	23634	4	4948	0.0
NW_024582134.1	34773	7679	NW_024582134.1	XM_042095856.1	97.283	4527	123	0	18885	23411	1106	5632	0.0
NW_024582134.1	34773	7677	NW_024582134.1	XM_042095854.1	96.905	4588	133	2	18884	23471	36	4614	0.0
NW_024582134.1	34773	7677	NW_024582134.1	XM_042077537.1	96.905	4588	133	2	18884	23471	36	4614	0.0
NW_024582134.1	34773	7677	NW_024582134.1	XM_042077533.1	96.905	4588	133	2	18884	23471	36	4614	0.0
NW_024582134.1	34773	7278	NW_024582134.1	XM_042077534.1	97.360	4280	113	0	18885	23164	744	5023	0.0
NW_024582134.1	34773	7278	NW_024582134.1	XM_042106165.1	97.360	4280	113	0	18885	23164	744	5023	0.0
NW_024582134.1	34773	7278	NW_024582134.1	XM_042106111.1	97.360	4280	113	0	18885	23164	744	5023	0.0
NW_024582135.1	7950	649	NW_024582135.1	XM_031583051.2	89.513	534	27	20	15702	16230	544	35	6.69e-180
NW_024582135.1	7950	649	NW_024582135.1	XM_031583050.2	89.513	534	27	20	15702	16230	535	26	6.69e-180
NW_024582135.1	7950	649	NW_024582135.1	XM_042710058.1	89.513	534	27	20	15702	16230	557	48	6.69e-180
NW_024582135.1	8032	547	NW_024582135.1	LR584441.1	75.000	1264	277	30	7433	8678	15190517	15191759	2.51e-149
NW_024582135.1	861768	542	NW_024582135.1	LR778290.1	74.864	1289	277	36	7433	8699	13456697	13455434	1.17e-147
NW_024582135.1	861768	542	NW_024582135.1	LR778271.1	74.864	1289	277	36	7433	8699	35494897	35493634	1.17e-147
NW_024582135.1	861768	542	NW_024582135.1	LR778264.1	74.864	1289	277	36	7433	8699	13213856	13212593	1.17e-147
NW_024582135.1	861768	542	NW_024582135.1	LR778253.1	74.864	1289	277	36	7433	8699	93159958	93158695	1.17e-147
NW_024582135.1	8032	542	NW_024582135.1	LR584412.1	74.903	1291	273	40	7433	8699	34103515	34102252	1.17e-147
NW_024582135.1	861768	538	NW_024582135.1	LR778289.1	74.806	1290	277	37	7433	8699	9216281	9215017	1.51e-146
NW_024582136.1	34773	3153	NW_024582136.1	XM_042084066.1	99.883	1713	2	0	15690	17402	767	2479	0.0
NW_024582136.1	34773	1812	NW_024582136.1	XM_042084067.1	100.000	981	0	0	19978	20958	1219	239	0.0
NW_024582136.1	7950	459	NW_024582136.1	XM_031581980.2	80.152	660	94	22	15324	15976	487	1116	1.19e-122
NW_024582136.1	7950	459	NW_024582136.1	XM_012835593.3	80.152	660	94	22	15324	15976	1122	1751	1.19e-122
NW_024582136.1	8005	292	NW_024582136.1	XM_035526273.1	96.089	179	7	0	20780	20958	383	205	1.28e-72
NW_024582136.1	8005	292	NW_024582136.1	XM_035526209.1	96.089	179	7	0	20780	20958	1733	1555	1.28e-72
NW_024582136.1	8049	291	NW_024582136.1	XM_030344607.1	93.401	197	12	1	20765	20960	3180	3376	4.60e-72
NW_024582136.1	8049	291	NW_024582136.1	LR633963.1	93.401	197	12	1	20765	20960	14731495	14731691	4.60e-72
NW_024582136.1	8049	287	NW_024582136.1	XM_030344605.1	93.333	195	12	1	20765	20958	1786	1592	5.95e-71
NW_024582136.1	8005	287	NW_024582136.1	XM_035523473.1	95.531	179	8	0	20780	20958	797	619	5.95e-71
NW_024582137.1	34773	468	NW_024582137.1	XR_006033502.1	86.593	455	24	14	21063	21502	23	455	1.90e-125
NW_024582137.1	34773	388	NW_024582137.1	XM_042083570.1	91.815	281	20	3	3350	3629	1642	1920	1.52e-101
NW_024582137.1	34773	381	NW_024582137.1	XM_042107946.1	96.154	234	8	1	3396	3628	2242	2009	2.54e-99
NW_024582137.1	34773	300	NW_024582137.1	XR_006035083.1	84.295	312	43	1	17837	18142	5077	4766	7.33e-75
NW_024582137.1	34773	300	NW_024582137.1	XM_042110167.1	84.295	312	43	1	17837	18142	4703	4392	7.33e-75
NW_024582137.1	34773	300	NW_024582137.1	XM_042110166.1	84.295	312	43	1	17837	18142	4763	4452	7.33e-75
NW_024582137.1	34773	300	NW_024582137.1	XM_042110165.1	84.295	312	43	1	17837	18142	4963	4652	7.33e-75
NW_024582137.1	34773	211	NW_024582137.1	XM_042082081.1	93.662	142	8	1	13799	13940	2222	2362	3.53e-48
NW_024582137.1	34773	198	NW_024582137.1	XR_006021378.1	90.323	155	10	4	3346	3500	65	214	2.75e-44
NW_024582137.1	34773	154	NW_024582137.1	XM_042076713.1	91.818	110	9	0	17857	17966	2199	2308	6.04e-31
NW_024582138.1	34773	2558	NW_024582138.1	XM_042084068.1	97.987	1490	0	1	3718	5207	578	2037	0.0
NW_024582138.1	34773	654	NW_024582138.1	XR_006031918.1	83.706	761	54	23	17594	18302	1619	2361	0.0
NW_024582138.1	34773	654	NW_024582138.1	XR_006031917.1	83.706	761	54	23	17594	18302	2117	2859	0.0
NW_024582138.1	7950	593	NW_024582138.1	XM_042703370.1	78.498	1065	116	59	6323	7335	9860	10863	2.82e-163
NW_024582138.1	34773	416	NW_024582138.1	XM_042061418.1	90.881	318	18	6	2705	3018	3522	3212	6.54e-110
NW_024582138.1	34773	416	NW_024582138.1	XM_042061417.1	90.881	318	18	6	2705	3018	3564	3254	6.54e-110
NW_024582138.1	34773	416	NW_024582138.1	XR_006022199.1	90.881	318	18	6	2705	3018	3455	3145	6.54e-110
NW_024582138.1	34773	416	NW_024582138.1	XM_042061416.1	90.881	318	18	6	2705	3018	3591	3281	6.54e-110
NW_024582138.1	34773	337	NW_024582138.1	XR_006024470.1	87.713	293	31	3	22804	23091	584	876	5.24e-86
NW_024582138.1	34773	302	NW_024582138.1	XM_042085970.1	87.786	262	27	4	2763	3020	2431	2171	1.91e-75
NW_024582139.1	34773	1762	NW_024582139.1	XM_042078867.1	99.792	961	1	1	15584	16544	1784	825	0.0
NW_024582139.1	34773	1762	NW_024582139.1	XM_042078866.1	99.792	961	1	1	15584	16544	1800	841	0.0
NW_024582139.1	34773	1362	NW_024582139.1	XM_042084069.1	100.000	737	0	0	1487	2223	1	737	0.0
NW_024582139.1	7950	867	NW_024582139.1	XM_031583194.1	88.369	748	52	17	1486	2223	1667	2389	0.0
NW_024582139.1	7950	867	NW_024582139.1	XM_031583193.1	88.369	748	52	17	1486	2223	1655	2377	0.0
NW_024582139.1	7950	867	NW_024582139.1	XM_031583192.1	88.369	748	52	17	1486	2223	1658	2380	0.0
NW_024582139.1	7950	867	NW_024582139.1	XM_031583189.1	88.369	748	52	17	1486	2223	1667	2389	0.0
NW_024582139.1	7950	867	NW_024582139.1	XM_031583200.2	88.369	748	52	17	1486	2223	1667	2389	0.0
NW_024582139.1	7950	867	NW_024582139.1	XM_031583199.2	88.369	748	52	17	1486	2223	1667	2389	0.0
NW_024582139.1	7950	867	NW_024582139.1	XM_031583198.2	88.369	748	52	17	1486	2223	1667	2389	0.0
NW_024582140.1	8049	412	NW_024582140.1	LR633947.1	92.708	288	17	4	3383	3670	294234	294517	7.62e-109
NW_024582140.1	34773	394	NW_024582140.1	XM_042079785.1	95.918	245	7	2	5808	6049	1481	1237	2.76e-103
NW_024582140.1	34773	364	NW_024582140.1	XM_042083595.1	95.259	232	7	4	3435	3665	2764	2536	2.16e-94
NW_024582140.1	34773	303	NW_024582140.1	XM_042083935.1	100.000	164	0	0	10322	10485	1233	1070	4.78e-76
NW_024582140.1	34773	278	NW_024582140.1	XM_042077860.1	98.113	159	3	0	3704	3862	3374	3532	2.90e-68
NW_024582140.1	34773	276	NW_024582140.1	XM_042097653.1	98.101	158	3	0	3703	3860	2715	2558	1.04e-67
NW_024582140.1	34773	276	NW_024582140.1	XM_042097652.1	98.101	158	3	0	3703	3860	2746	2589	1.04e-67
NW_024582140.1	34773	276	NW_024582140.1	XM_042097651.1	98.101	158	3	0	3703	3860	2734	2577	1.04e-67
NW_024582140.1	34773	274	NW_024582140.1	XM_042066603.1	96.933	163	5	0	3704	3866	6830	6992	3.75e-67
NW_024582140.1	34773	274	NW_024582140.1	XM_042066602.1	96.933	163	5	0	3704	3866	7168	7330	3.75e-67
NW_024582141.1	34773	501	NW_024582141.1	XM_042100855.1	89.078	412	34	6	1	406	1131	1537	1.56e-135
NW_024582141.1	34773	479	NW_024582141.1	XM_042087878.1	82.777	569	66	11	2	544	1652	2214	7.31e-129
NW_024582141.1	34773	479	NW_024582141.1	XM_042087877.1	82.777	569	66	11	2	544	1656	2218	7.31e-129
NW_024582141.1	34773	479	NW_024582141.1	XM_042087876.1	82.777	569	66	11	2	544	1659	2221	7.31e-129
NW_024582141.1	240163	398	NW_024582141.1	LR699044.1	80.620	516	99	1	19	533	4233135	4233650	2.10e-104
NW_024582141.1	8049	394	NW_024582141.1	LR633956.1	88.462	338	24	11	423	754	29362439	29362767	2.72e-103
NW_024582141.1	8049	392	NW_024582141.1	LR633954.1	88.427	337	24	11	424	754	16775280	16775607	9.79e-103
NW_024582141.1	215358	388	NW_024582141.1	LT972185.1	80.426	516	95	5	1	515	715681	715171	1.27e-101
NW_024582141.1	8049	383	NW_024582141.1	XR_003979672.1	87.870	338	26	11	423	754	570	898	5.89e-100
NW_024582141.1	8049	383	NW_024582141.1	LR633957.1	87.870	338	26	9	423	754	26817573	26817245	5.89e-100
NW_024582142.1	7962	1644	NW_024582142.1	LN590710.1	86.899	1519	135	22	124810	126266	4858983	4860499	0.0
NW_024582142.1	8049	1454	NW_024582142.1	LR633946.1	84.661	1532	155	24	124810	126262	28881558	28880028	0.0
NW_024582142.1	8049	1406	NW_024582142.1	LR633958.1	84.179	1498	185	26	124810	126266	32971633	32970147	0.0
NW_024582142.1	8049	1404	NW_024582142.1	LR633951.1	85.357	1400	156	20	124900	126252	19810698	19812095	0.0
NW_024582142.1	8049	1378	NW_024582142.1	LR633952.1	84.947	1415	154	19	124900	126266	13162515	13163918	0.0
NW_024582142.1	8049	1356	NW_024582142.1	LR633954.1	84.572	1426	157	27	124900	126266	17454714	17453293	0.0
NW_024582142.1	8049	1295	NW_024582142.1	LR633961.1	83.516	1456	171	23	124900	126303	2882401	2883839	0.0
NW_024582142.1	61643	1286	NW_024582142.1	OU342723.1	83.640	1412	186	19	124924	126291	13091134	13089724	0.0
NW_024582142.1	69293	1182	NW_024582142.1	CP046627.1	82.026	1441	212	21	124882	126284	14130319	14128888	0.0
NW_024582142.1	7962	857	NW_024582142.1	LN590690.1	86.855	814	49	19	143840	144598	14665368	14664558	0.0
NW_024582143.1	161584	1062	NW_024582143.1	LR594587.1	93.454	718	44	3	6567	7281	17342246	17342963	0.0
NW_024582143.1	161584	1061	NW_024582143.1	LR594591.1	93.812	711	34	6	6567	7275	12953714	12954416	0.0
NW_024582143.1	161584	1038	NW_024582143.1	LR594588.1	93.026	717	40	3	6567	7281	2116860	2117568	0.0
NW_024582143.1	161584	1033	NW_024582143.1	LR594605.1	92.887	717	41	3	6567	7281	13545465	13544757	0.0
NW_024582143.1	161584	1022	NW_024582143.1	LR594597.1	92.608	717	43	3	6567	7281	705087	705795	0.0
NW_024582143.1	161584	992	NW_024582143.1	LR594598.1	92.672	696	39	7	6588	7281	3546092	3545407	0.0
NW_024582143.1	161584	963	NW_024582143.1	LR594594.1	94.035	637	35	2	6567	7203	5061077	5061710	0.0
NW_024582143.1	161584	935	NW_024582143.1	LR594603.1	90.516	717	54	9	6567	7281	506615	507319	0.0
NW_024582143.1	161584	922	NW_024582143.1	LR594592.1	90.098	717	61	4	6567	7281	16202728	16203436	0.0
NW_024582143.1	161584	922	NW_024582143.1	LR594590.1	92.779	637	46	0	6567	7203	11778780	11778144	0.0
NW_024582144.1	34773	267	NW_024582144.1	XM_042110893.1	94.767	172	7	1	15714	15885	1629	1798	5.82e-65
NW_024582144.1	34773	226	NW_024582144.1	XM_042070650.1	88.660	194	10	7	15698	15891	2242	2061	9.87e-53
NW_024582144.1	34773	206	NW_024582144.1	XM_042104421.1	86.802	197	11	4	15698	15892	1424	1607	1.29e-46
NW_024582144.1	34773	171	NW_024582144.1	XM_042066390.1	91.870	123	9	1	15767	15889	1453	1332	4.69e-36
NW_024582144.1	34773	171	NW_024582144.1	XM_042066389.1	91.870	123	9	1	15767	15889	1398	1277	4.69e-36
NW_024582144.1	34773	161	NW_024582144.1	XM_042090036.1	95.098	102	5	0	15784	15885	1793	1692	2.82e-33
NW_024582144.1	34773	161	NW_024582144.1	XM_042090035.1	95.098	102	5	0	15784	15885	1898	1797	2.82e-33
NW_024582144.1	34773	161	NW_024582144.1	XM_042090034.1	95.098	102	5	0	15784	15885	1900	1799	2.82e-33
NW_024582144.1	34773	161	NW_024582144.1	XM_042090033.1	95.098	102	5	0	15784	15885	1910	1809	2.82e-33
NW_024582144.1	34773	161	NW_024582144.1	XM_042090032.1	95.098	102	5	0	15784	15885	2048	1947	2.82e-33
NW_024582145.1	34773	1844	NW_024582145.1	XM_042084072.1	99.801	1005	1	1	8124	9127	1307	303	0.0
NW_024582145.1	34773	1280	NW_024582145.1	XM_042089110.1	98.887	719	4	1	7865	8583	1813	1099	0.0
NW_024582145.1	34773	710	NW_024582145.1	XM_042088035.1	100.000	384	0	0	4475	4858	384	1	0.0
NW_024582145.1	34773	710	NW_024582145.1	XM_042088032.1	100.000	384	0	0	4475	4858	384	1	0.0
NW_024582145.1	34773	710	NW_024582145.1	XM_042088020.1	100.000	384	0	0	4475	4858	384	1	0.0
NW_024582145.1	34773	710	NW_024582145.1	XM_042088017.1	100.000	384	0	0	4475	4858	384	1	0.0
NW_024582145.1	34773	571	NW_024582145.1	XM_042088036.1	99.679	312	1	0	4547	4858	312	1	1.04e-156
NW_024582145.1	34773	571	NW_024582145.1	XM_042088033.1	99.679	312	1	0	4547	4858	312	1	1.04e-156
NW_024582145.1	34773	571	NW_024582145.1	XM_042088021.1	99.679	312	1	0	4547	4858	312	1	1.04e-156
NW_024582145.1	34773	571	NW_024582145.1	XM_042088018.1	99.679	312	1	0	4547	4858	312	1	1.04e-156
NW_024582146.1	34773	544	NW_024582146.1	XM_042084073.1	100.000	294	0	0	8254	8547	88	381	2.03e-148
NW_024582146.1	36212	364	NW_024582146.1	LR991630.1	91.667	264	21	1	8627	8889	26547520	26547783	1.70e-94
NW_024582146.1	34773	344	NW_024582146.1	XM_042089902.1	92.000	250	13	5	4601	4848	3659	3415	2.21e-88
NW_024582146.1	34773	344	NW_024582146.1	XM_042089901.1	92.000	250	13	5	4601	4848	3294	3050	2.21e-88
NW_024582146.1	34773	344	NW_024582146.1	XM_042089899.1	92.000	250	13	5	4601	4848	3234	2990	2.21e-88
NW_024582146.1	34773	344	NW_024582146.1	XM_042089898.1	92.000	250	13	5	4601	4848	3322	3078	2.21e-88
NW_024582146.1	34773	302	NW_024582146.1	XM_042086691.1	85.714	301	25	9	7856	8142	1224	928	1.35e-75
NW_024582146.1	34773	302	NW_024582146.1	XM_042086690.1	85.714	301	25	9	7856	8142	1224	928	1.35e-75
NW_024582146.1	283035	283	NW_024582146.1	XM_031279796.2	92.500	200	11	2	4697	4896	1177	1372	4.89e-70
NW_024582146.1	283035	283	NW_024582146.1	XM_031279795.2	92.500	200	11	2	4697	4896	1162	1357	4.89e-70
NW_024582147.1	34773	255	NW_024582147.1	XM_042084074.1	100.000	138	0	0	13064	13201	417	554	1.03e-61
NW_024582147.1	29144	241	NW_024582147.1	LR697114.1	82.784	273	44	2	3334	3603	7176641	7176369	2.89e-57
NW_024582147.1	34773	209	NW_024582147.1	XM_042111841.1	83.843	229	27	7	2281	2499	2440	2212	8.15e-48
NW_024582147.1	34773	209	NW_024582147.1	XM_042111840.1	83.843	229	27	7	2281	2499	2687	2459	8.15e-48
NW_024582147.1	34773	209	NW_024582147.1	XM_042111839.1	83.843	229	27	7	2281	2499	2764	2536	8.15e-48
NW_024582147.1	8167	207	NW_024582147.1	EU281746.1	88.506	174	17	2	2344	2514	424	251	2.93e-47
NW_024582147.1	299321	200	NW_024582147.1	LR535825.1	82.883	222	38	0	3354	3575	15540960	15540739	4.90e-45
NW_024582147.1	8032	180	NW_024582147.1	LR584440.1	82.160	213	34	4	3362	3571	22809379	22809168	6.39e-39
NW_024582147.1	34773	176	NW_024582147.1	XR_006021796.1	90.977	133	9	3	1609	1738	1580	1448	8.26e-38
NW_024582147.1	28829	174	NW_024582147.1	OW185642.1	85.714	175	14	7	2274	2438	23580003	23579830	2.97e-37
NW_024582148.1	8049	1533	NW_024582148.1	LR633958.1	85.101	1537	190	16	213170	214670	26875543	26877076	0.0
NW_024582148.1	7962	1369	NW_024582148.1	LN590710.1	87.886	1197	103	13	212017	213172	4858983	4860178	0.0
NW_024582148.1	61643	1312	NW_024582148.1	OU342721.1	82.909	1492	221	20	213175	214641	4795607	4797089	0.0
NW_024582148.1	8049	1190	NW_024582148.1	LR633952.1	86.734	1093	117	11	212107	213172	13162515	13163606	0.0
NW_024582148.1	8049	1182	NW_024582148.1	LR633946.1	86.630	1092	119	11	212107	213172	28881435	28880345	0.0
NW_024582148.1	8049	1166	NW_024582148.1	LR633951.1	86.355	1092	122	11	212107	213172	19810698	19811788	0.0
NW_024582148.1	8049	1120	NW_024582148.1	LR633954.1	85.598	1104	118	24	212107	213172	17454714	17453614	0.0
NW_024582148.1	61643	1014	NW_024582148.1	OU342720.1	82.561	1187	173	17	212017	213172	27399665	27398482	0.0
NW_024582148.1	61643	1005	NW_024582148.1	OU342723.1	82.506	1189	166	21	212017	213172	21793213	21794392	0.0
NW_024582148.1	8049	970	NW_024582148.1	LR633962.1	86.303	898	116	3	213780	214670	23725141	23726038	0.0
NW_024582149.1	34773	407	NW_024582149.1	XM_042079028.1	96.356	247	9	0	11104	11350	3278	3524	2.45e-107
NW_024582149.1	34773	407	NW_024582149.1	XM_042079027.1	96.356	247	9	0	11104	11350	3317	3563	2.45e-107
NW_024582149.1	34773	292	NW_024582149.1	XM_042057371.1	92.453	212	5	4	10876	11077	7142	7352	7.17e-73
NW_024582149.1	34773	292	NW_024582149.1	XM_042057370.1	92.453	212	5	4	10876	11077	7199	7409	7.17e-73
NW_024582149.1	34773	292	NW_024582149.1	XM_042057369.1	92.453	212	5	4	10876	11077	7205	7415	7.17e-73
NW_024582149.1	34773	292	NW_024582149.1	XM_042057368.1	92.453	212	5	4	10876	11077	7172	7382	7.17e-73
NW_024582149.1	34773	292	NW_024582149.1	XM_042057367.1	92.453	212	5	4	10876	11077	7235	7445	7.17e-73
NW_024582149.1	34773	292	NW_024582149.1	XM_042057366.1	92.453	212	5	4	10876	11077	7265	7475	7.17e-73
NW_024582149.1	34773	292	NW_024582149.1	XM_042057365.1	92.453	212	5	4	10876	11077	7295	7505	7.17e-73
NW_024582149.1	34773	292	NW_024582149.1	XM_042057364.1	92.453	212	5	4	10876	11077	7301	7511	7.17e-73
NW_024582150.1	34773	944	NW_024582150.1	XM_042070363.1	100.000	511	0	0	9544	10054	1	511	0.0
NW_024582151.1	34773	1319	NW_024582151.1	XM_042084075.1	100.000	714	0	0	9542	10255	1282	1995	0.0
NW_024582151.1	7950	213	NW_024582151.1	XM_042708887.1	81.853	259	41	5	5450	5705	3698	3953	4.29e-49
NW_024582151.1	7950	213	NW_024582151.1	XM_042708886.1	81.853	259	41	5	5450	5705	3699	3954	4.29e-49
NW_024582151.1	7950	213	NW_024582151.1	XM_042708885.1	81.853	259	41	5	5450	5705	3699	3954	4.29e-49
NW_024582151.1	7950	213	NW_024582151.1	XM_042708884.1	81.853	259	41	5	5450	5705	3699	3954	4.29e-49
NW_024582151.1	7950	213	NW_024582151.1	XM_042708883.1	81.853	259	41	5	5450	5705	3699	3954	4.29e-49
NW_024582151.1	861768	165	NW_024582151.1	LR778263.1	92.920	113	8	0	9601	9713	52538940	52538828	1.22e-34
NW_024582151.1	861768	159	NW_024582151.1	LR778272.1	92.035	113	9	0	9601	9713	44621140	44621252	5.66e-33
NW_024582151.1	8032	159	NW_024582151.1	LR584440.1	92.035	113	9	0	9601	9713	6695855	6695743	5.66e-33
NW_024582151.1	8032	158	NW_024582151.1	LR584426.1	91.304	115	10	0	9601	9715	8473629	8473515	2.04e-32
NW_024582153.1	34773	350	NW_024582153.1	XM_042084076.1	100.000	189	0	0	1747	1935	274	462	6.62e-91
NW_024582153.1	34773	342	NW_024582153.1	XM_042095857.1	99.468	188	1	0	1748	1935	238	425	1.11e-88
NW_024582153.1	34773	342	NW_024582153.1	XM_042095846.1	99.468	188	1	0	1748	1935	424	611	1.11e-88
NW_024582153.1	34773	339	NW_024582153.1	XM_042095847.1	98.942	189	2	0	1747	1935	423	611	1.43e-87
NW_024582153.1	7950	228	NW_024582153.1	XM_031578188.1	88.710	186	21	0	1748	1933	240	425	3.24e-54
NW_024582154.1	375764	3280	NW_024582154.1	LR597460.1	81.543	4058	680	61	85172	89196	26421448	26417427	0.0
NW_024582154.1	375764	2494	NW_024582154.1	LR597458.1	80.916	3233	554	40	85900	89116	55003939	55000754	0.0
NW_024582154.1	34773	1264	NW_024582154.1	XR_006027312.1	100.000	684	0	0	61906	62589	1351	668	0.0
NW_024582154.1	8175	861	NW_024582154.1	LR537134.1	80.842	1164	165	24	61990	63126	2604997	2606129	0.0
NW_024582154.1	36212	778	NW_024582154.1	LR991642.1	79.738	1145	177	30	61990	63107	29652650	29651534	0.0
NW_024582154.1	7950	708	NW_024582154.1	XM_031558057.2	83.879	794	74	29	63743	64524	960	209	0.0
NW_024582154.1	215358	662	NW_024582154.1	LT972189.1	78.043	1175	173	51	62063	63191	17963471	17962336	0.0
NW_024582154.1	34773	584	NW_024582154.1	XM_042057750.1	90.646	449	29	8	63618	64059	1596	1154	2.68e-159
NW_024582154.1	1203425	553	NW_024582154.1	XM_034673381.1	83.690	607	77	10	61992	62589	3548	2955	7.55e-150
NW_024582154.1	1203425	553	NW_024582154.1	XM_034673380.1	83.690	607	77	10	61992	62589	3692	3099	7.55e-150
NW_024582155.1	7962	926	NW_024582155.1	LN591301.1	87.411	842	60	22	282348	283161	357872	357049	0.0
NW_024582155.1	7962	893	NW_024582155.1	LN590677.1	86.565	856	60	18	282348	283154	13480370	13481219	0.0
NW_024582155.1	7962	870	NW_024582155.1	LN591785.1	87.805	779	50	21	282348	283087	653531	652759	0.0
NW_024582155.1	7962	846	NW_024582155.1	LN590708.1	92.845	587	36	2	282347	282931	5687745	5688327	0.0
NW_024582155.1	7962	822	NW_024582155.1	LN597870.1	92.150	586	40	2	282348	282931	2689	2108	0.0
NW_024582155.1	7962	813	NW_024582155.1	LN591505.1	91.851	589	38	6	282348	282931	127597	127014	0.0
NW_024582155.1	7962	808	NW_024582155.1	LN590700.1	91.667	588	41	4	282348	282931	520120	519537	0.0
NW_024582155.1	7962	806	NW_024582155.1	LN595238.1	91.443	596	38	8	282344	282931	5099	5689	0.0
NW_024582155.1	7962	800	NW_024582155.1	LN590703.1	84.475	876	66	25	282347	283161	9713462	9712596	0.0
NW_024582155.1	7962	787	NW_024582155.1	LN591564.1	91.126	586	44	4	282348	282931	178252	178831	0.0
NW_024582156.1	34773	5927	NW_024582156.1	XM_042084054.1	99.722	3239	4	5	11005	14241	964	4199	0.0
NW_024582156.1	34773	5838	NW_024582156.1	XM_042084058.1	99.228	3239	20	5	11005	14241	967	4202	0.0
NW_024582156.1	34773	5794	NW_024582156.1	XM_042085215.1	98.981	3239	28	5	11005	14241	1074	4309	0.0
NW_024582156.1	34773	5701	NW_024582156.1	XM_042072796.1	99.427	3142	16	1	11232	14373	721	3860	0.0
NW_024582156.1	34773	5701	NW_024582156.1	XM_042072795.1	99.427	3142	16	1	11232	14373	715	3854	0.0
NW_024582156.1	34773	3603	NW_024582156.1	XM_042102219.1	99.104	2008	13	5	11005	13010	800	2804	0.0
NW_024582156.1	8049	2876	NW_024582156.1	LR633946.1	86.047	2745	305	29	205967	208655	28881435	28878713	0.0
NW_024582156.1	34773	2772	NW_024582156.1	XM_042088576.1	98.357	1582	21	5	11005	12584	1046	2624	0.0
NW_024582156.1	34773	2455	NW_024582156.1	XM_042090600.1	98.701	1386	13	5	11005	12388	2026	3408	0.0
NW_024582156.1	34773	2453	NW_024582156.1	XM_042090611.1	98.700	1385	13	5	11005	12387	2026	3407	0.0
NW_024582157.1	375764	3269	NW_024582157.1	LR597460.1	81.498	4059	680	64	29163	33187	26417427	26421448	0.0
NW_024582157.1	375764	2490	NW_024582157.1	LR597458.1	80.891	3234	554	41	29243	32460	55000754	55003939	0.0
NW_024582157.1	34773	1315	NW_024582157.1	XM_042065263.1	100.000	712	0	0	218551	219262	131	842	0.0
NW_024582157.1	34773	1315	NW_024582157.1	XM_042084203.1	100.000	712	0	0	218551	219262	87	798	0.0
NW_024582157.1	34773	1118	NW_024582157.1	XM_042057736.1	99.673	612	0	1	219524	220133	849	1460	0.0
NW_024582157.1	7962	941	NW_024582157.1	LN591301.1	87.603	847	60	23	54798	55622	357872	357049	0.0
NW_024582157.1	7962	931	NW_024582157.1	LN590677.1	87.224	861	56	20	54798	55615	13480370	13481219	0.0
NW_024582157.1	7962	896	NW_024582157.1	LN591785.1	86.348	879	53	30	54798	55622	653531	652666	0.0
NW_024582157.1	7962	867	NW_024582157.1	LN590708.1	93.526	587	31	4	54798	55382	5687746	5688327	0.0
NW_024582157.1	7962	857	NW_024582157.1	LN590703.1	85.519	877	64	32	54798	55622	9713461	9712596	0.0
NW_024582158.1	7962	1478	NW_024582158.1	LN598405.1	85.906	1419	162	16	109790	111192	20517	21913	0.0
NW_024582158.1	8049	1471	NW_024582158.1	LR633946.1	85.586	1443	163	23	109761	111180	28878713	28880133	0.0
NW_024582158.1	8049	1459	NW_024582158.1	LR633954.1	85.447	1443	164	23	109761	111180	17451983	17453402	0.0
NW_024582158.1	8049	1459	NW_024582158.1	LR633951.1	85.887	1403	160	20	109794	111180	19813380	19812000	0.0
NW_024582158.1	7962	1456	NW_024582158.1	LN590687.1	86.075	1386	155	15	109823	111192	7739521	7740884	0.0
NW_024582158.1	8049	1448	NW_024582158.1	LR633962.1	85.308	1443	167	23	109761	111180	23726038	23724618	0.0
NW_024582158.1	8049	1421	NW_024582158.1	LR633958.1	84.972	1444	169	24	109761	111180	32968837	32970256	0.0
NW_024582158.1	7962	1393	NW_024582158.1	LN594904.1	82.638	1653	212	36	109559	111192	98172	96576	0.0
NW_024582158.1	8049	1371	NW_024582158.1	LR633956.1	85.822	1326	149	19	109761	111069	25401192	25399889	0.0
NW_024582158.1	7962	1349	NW_024582158.1	LN590710.1	86.360	1283	119	18	111207	112434	4860264	4858983	0.0
NW_024582159.1	8049	2848	NW_024582159.1	LR633946.1	85.286	2868	303	45	136879	139649	28878713	28881558	0.0
NW_024582159.1	8049	2784	NW_024582159.1	LR633951.1	85.735	2706	305	35	136912	139559	19813380	19810698	0.0
NW_024582159.1	8049	2760	NW_024582159.1	LR633958.1	84.811	2831	336	49	136879	139649	32968837	32971633	0.0
NW_024582159.1	8049	2737	NW_024582159.1	LR633954.1	85.207	2758	305	49	136879	139559	17451983	17454714	0.0
NW_024582159.1	61643	2388	NW_024582159.1	OU342723.1	83.302	2677	361	40	136909	139535	13088494	13091134	0.0
NW_024582159.1	69293	2333	NW_024582159.1	CP046627.1	82.646	2714	396	41	136908	139577	14127637	14130319	0.0
NW_024582159.1	61643	2246	NW_024582159.1	OU342721.1	81.828	2812	386	60	136908	139649	4797089	4794333	0.0
NW_024582159.1	7962	2198	NW_024582159.1	LN590710.1	87.247	1976	192	17	137732	139649	4860956	4858983	0.0
NW_024582159.1	28829	2152	NW_024582159.1	OW185646.1	81.072	2816	429	44	136908	139649	9171967	9169182	0.0
NW_024582159.1	61643	1853	NW_024582159.1	OU342712.1	84.092	1955	274	22	137174	139109	30436554	30434618	0.0
NW_024582160.1	8049	2819	NW_024582160.1	LR633946.1	87.643	2444	279	12	173755	176177	28881435	28878994	0.0
NW_024582160.1	52904	2776	NW_024582160.1	CP026245.1	88.496	2321	233	16	173725	176026	1045092	1042787	0.0
NW_024582160.1	8049	2763	NW_024582160.1	LR633951.1	87.259	2441	288	12	173755	176174	19810698	19813136	0.0
NW_024582160.1	8049	2708	NW_024582160.1	LR633954.1	87.032	2429	279	23	173755	176151	17454714	17452290	0.0
NW_024582160.1	8049	2649	NW_024582160.1	LR633958.1	86.327	2472	291	24	173728	176177	32971563	32969117	0.0
NW_024582160.1	61643	2374	NW_024582160.1	OU342723.1	84.657	2418	332	21	173779	176174	21793330	21795730	0.0
NW_024582160.1	7962	2353	NW_024582160.1	LN590710.1	88.860	1930	194	8	173725	175634	4859058	4860986	0.0
NW_024582160.1	69293	2287	NW_024582160.1	CP046627.1	83.872	2443	348	17	173751	176172	14130304	14127887	0.0
NW_024582160.1	61643	2244	NW_024582160.1	OU342721.1	83.766	2427	334	32	173779	176177	4794450	4796844	0.0
NW_024582160.1	36212	2165	NW_024582160.1	LR991638.1	82.731	2461	398	14	173734	176172	33378088	33380543	0.0
NW_024582161.1	8049	2859	NW_024582161.1	LR633946.1	85.296	2870	310	40	63134	65915	28878713	28881558	0.0
NW_024582161.1	8049	2784	NW_024582161.1	LR633951.1	85.677	2709	312	33	63167	65825	19813380	19810698	0.0
NW_024582161.1	8049	2769	NW_024582161.1	LR633958.1	84.822	2833	343	44	63134	65915	32968837	32971633	0.0
NW_024582161.1	8049	2737	NW_024582161.1	LR633954.1	85.145	2760	314	45	63134	65825	17451983	17454714	0.0
NW_024582161.1	61643	2392	NW_024582161.1	OU342723.1	83.277	2679	369	37	63164	65801	13088494	13091134	0.0
NW_024582161.1	69293	2333	NW_024582161.1	CP046627.1	82.585	2716	405	37	63163	65843	14127637	14130319	0.0
NW_024582161.1	61643	2252	NW_024582161.1	OU342721.1	81.805	2814	394	57	63163	65915	4797089	4794333	0.0
NW_024582161.1	28829	2161	NW_024582161.1	OW185646.1	81.086	2818	436	43	63163	65915	9171967	9169182	0.0
NW_024582161.1	7962	2161	NW_024582161.1	LN590710.1	86.906	1978	197	18	63996	65915	4860956	4858983	0.0
NW_024582161.1	7962	1869	NW_024582161.1	LN590687.1	86.124	1780	193	23	63196	64945	7739521	7741276	0.0
NW_024582162.1	34773	161	NW_024582162.1	XR_006022692.1	96.000	100	3	1	218424	218523	99	1	3.11e-32
NW_024582163.1	8049	2859	NW_024582163.1	LR633946.1	85.316	2867	309	37	36768	39543	28878713	28881558	0.0
NW_024582163.1	8049	2795	NW_024582163.1	LR633951.1	85.767	2705	311	27	36801	39453	19813380	19810698	0.0
NW_024582163.1	8049	2769	NW_024582163.1	LR633958.1	84.841	2830	342	40	36768	39543	32968837	32971633	0.0
NW_024582163.1	8049	2737	NW_024582163.1	LR633954.1	85.165	2757	313	41	36768	39453	17451983	17454714	0.0
NW_024582163.1	61643	2409	NW_024582163.1	OU342723.1	82.757	2807	383	43	36797	39543	21795978	21793213	0.0
NW_024582163.1	69293	2344	NW_024582163.1	CP046627.1	82.676	2713	402	33	36797	39471	14127637	14130319	0.0
NW_024582163.1	61643	2274	NW_024582163.1	OU342721.1	81.964	2811	389	52	36797	39543	4797089	4794333	0.0
NW_024582163.1	7962	2202	NW_024582163.1	LN590710.1	87.291	1975	192	16	37627	39543	4860956	4858983	0.0
NW_024582163.1	28829	2156	NW_024582163.1	OW185646.1	81.066	2815	436	41	36797	39543	9171967	9169182	0.0
NW_024582163.1	7962	1866	NW_024582163.1	LN590687.1	86.124	1780	190	24	36830	38576	7739521	7741276	0.0
NW_024582164.1	7962	536	NW_024582164.1	LN590711.1	79.042	835	135	23	25773	26590	14365414	14364603	3.73e-145
NW_024582164.1	7962	503	NW_024582164.1	LN591153.1	78.427	839	133	31	25773	26590	1059080	1059891	3.79e-135
NW_024582164.1	586833	451	NW_024582164.1	LR597563.1	81.651	545	98	2	25772	26315	7906704	7906161	1.39e-119
NW_024582164.1	586833	449	NW_024582164.1	LR597553.1	81.618	544	98	2	25773	26315	32506121	32505579	5.00e-119
NW_024582164.1	586833	446	NW_024582164.1	LR597573.1	81.502	546	98	3	25772	26315	14119182	14119726	6.47e-118
NW_024582164.1	7962	446	NW_024582164.1	LN590687.1	87.154	397	45	4	25799	26191	4984559	4984953	6.47e-118
NW_024582164.1	586833	442	NW_024582164.1	LR597560.1	81.319	546	100	2	25771	26315	1663021	1662477	8.37e-117
NW_024582164.1	586833	429	NW_024582164.1	LR597555.1	80.952	546	100	4	25772	26315	10438878	10439421	6.52e-113
NW_024582164.1	586833	427	NW_024582164.1	LR597559.1	80.917	545	100	2	25773	26315	29240951	29241493	2.34e-112
NW_024582164.1	586833	424	NW_024582164.1	LR597561.1	80.769	546	101	2	25772	26315	4252848	4252305	3.03e-111
NC_014690.1	34773	30834	NC_014690.1	HQ331537.1	100.000	16697	0	0	1	16697	1	16697	0.0
NC_014690.1	34773	29959	NC_014690.1	MG570422.1	99.054	16705	143	15	1	16697	1	16698	0.0
NC_014690.1	34773	29794	NC_014690.1	MG570434.1	98.875	16705	175	13	1	16697	1	16700	0.0
NC_014690.1	469658	29758	NC_014690.1	KP013088.1	98.827	16714	173	16	1	16697	1	16708	0.0
NC_014690.1	34773	28613	NC_014690.1	KY769128.1	99.237	15863	109	12	1	15855	1	15859	0.0
NC_014690.1	278164	28254	NC_014690.1	AP009131.1	97.211	16707	447	18	1	16697	1	16698	0.0
NC_014690.1	278165	27065	NC_014690.1	MN122939.1	97.479	15864	385	14	1	15856	1	15857	0.0
NC_014690.1	278165	27054	NC_014690.1	MT410940.1	97.466	15864	386	15	1	15855	1	15857	0.0
NC_014690.1	34774	24304	NC_014690.1	AP009132.1	94.425	15820	856	20	3	15815	3	15803	0.0
NC_014690.1	224703	24260	NC_014690.1	NC_037017.1	94.374	15820	864	20	3	15815	3	15803	0.0
